# JRE version: Java(TM) SE Runtime Environment (8.0_221-b11) (build 1.8.0_221-b11)
# Java VM: Java HotSpot(TM) 64-Bit Server VM (25.221-b11 mixed mode windows-amd64 compressed oops)
Heap:
 PSYoungGen      total 258048K, used 138711K [0x00000000eab00000, 0x00000000ffb80000, 0x0000000100000000)
  eden space 176640K, 73% used [0x00000000eab00000,0x00000000f2a8bf58,0x00000000f5780000)
  from space 81408K, 9% used [0x00000000fac00000,0x00000000fb3e9e60,0x00000000ffb80000)
  to   space 83968K, 0% used [0x00000000f5780000,0x00000000f5780000,0x00000000fa980000)
 ParOldGen       total 699392K, used 261845K [0x00000000c0000000, 0x00000000eab00000, 0x00000000eab00000)
  object space 699392K, 37% used [0x00000000c0000000,0x00000000cffb56f8,0x00000000eab00000)
 Metaspace       used 178922K, capacity 191243K, committed 191552K, reserved 1212416K
  class space    used 28035K, capacity 28937K, committed 28992K, reserved 1048576K
GC Heap History (10 events):
Event: 969.596 GC heap before
{Heap before GC invocations=34 (full 9):
 PSYoungGen      total 196608K, used 31470K [0x00000000eab00000, 0x00000000ff300000, 0x0000000100000000)
  eden space 164864K, 0% used [0x00000000eab00000,0x00000000eab00000,0x00000000f4c00000)
  from space 31744K, 99% used [0x00000000f4c00000,0x00000000f6abb948,0x00000000f6b00000)
  to   space 85504K, 0% used [0x00000000f9f80000,0x00000000f9f80000,0x00000000ff300000)
 ParOldGen       total 699392K, used 247860K [0x00000000c0000000, 0x00000000eab00000, 0x00000000eab00000)
  object space 699392K, 35% used [0x00000000c0000000,0x00000000cf20d168,0x00000000eab00000)
 Metaspace       used 177415K, capacity 189717K, committed 190016K, reserved 1210368K
  class space    used 27719K, capacity 28624K, committed 28736K, reserved 1048576K
Event: 970.230 GC heap after
Heap after GC invocations=34 (full 9):
 PSYoungGen      total 196608K, used 0K [0x00000000eab00000, 0x00000000ff300000, 0x0000000100000000)
  eden space 164864K, 0% used [0x00000000eab00000,0x00000000eab00000,0x00000000f4c00000)
  from space 31744K, 0% used [0x00000000f4c00000,0x00000000f4c00000,0x00000000f6b00000)
  to   space 85504K, 0% used [0x00000000f9f80000,0x00000000f9f80000,0x00000000ff300000)
 ParOldGen       total 699392K, used 265861K [0x00000000c0000000, 0x00000000eab00000, 0x00000000eab00000)
  object space 699392K, 38% used [0x00000000c0000000,0x00000000d03a1598,0x00000000eab00000)
 Metaspace       used 175714K, capacity 187781K, committed 190016K, reserved 1210368K
  class space    used 27627K, capacity 28459K, committed 28736K, reserved 1048576K
}
Event: 970.232 GC heap before
{Heap before GC invocations=35 (full 9):
 PSYoungGen      total 196608K, used 698K [0x00000000eab00000, 0x00000000ff300000, 0x0000000100000000)
  eden space 164864K, 0% used [0x00000000eab00000,0x00000000eabaebc0,0x00000000f4c00000)
  from space 31744K, 0% used [0x00000000f4c00000,0x00000000f4c00000,0x00000000f6b00000)
  to   space 85504K, 0% used [0x00000000f9f80000,0x00000000f9f80000,0x00000000ff300000)
 ParOldGen       total 699392K, used 265861K [0x00000000c0000000, 0x00000000eab00000, 0x00000000eab00000)
  object space 699392K, 38% used [0x00000000c0000000,0x00000000d03a1598,0x00000000eab00000)
 Metaspace       used 175717K, capacity 187781K, committed 190016K, reserved 1210368K
  class space    used 27627K, capacity 28459K, committed 28736K, reserved 1048576K
Event: 970.237 GC heap after
Heap after GC invocations=35 (full 9):
 PSYoungGen      total 249344K, used 128K [0x00000000eab00000, 0x00000000ff500000, 0x0000000100000000)
  eden space 163840K, 0% used [0x00000000eab00000,0x00000000eab00000,0x00000000f4b00000)
  from space 85504K, 0% used [0x00000000f9f80000,0x00000000f9fa0000,0x00000000ff300000)
  to   space 86528K, 0% used [0x00000000f4b00000,0x00000000f4b00000,0x00000000f9f80000)
 ParOldGen       total 699392K, used 265861K [0x00000000c0000000, 0x00000000eab00000, 0x00000000eab00000)
  object space 699392K, 38% used [0x00000000c0000000,0x00000000d03a1598,0x00000000eab00000)
 Metaspace       used 175717K, capacity 187781K, committed 190016K, reserved 1210368K
  class space    used 27627K, capacity 28459K, committed 28736K, reserved 1048576K
}
Event: 970.237 GC heap before
{Heap before GC invocations=36 (full 10):
 PSYoungGen      total 249344K, used 128K [0x00000000eab00000, 0x00000000ff500000, 0x0000000100000000)
  eden space 163840K, 0% used [0x00000000eab00000,0x00000000eab00000,0x00000000f4b00000)
  from space 85504K, 0% used [0x00000000f9f80000,0x00000000f9fa0000,0x00000000ff300000)
  to   space 86528K, 0% used [0x00000000f4b00000,0x00000000f4b00000,0x00000000f9f80000)
 ParOldGen       total 699392K, used 265861K [0x00000000c0000000, 0x00000000eab00000, 0x00000000eab00000)
  object space 699392K, 38% used [0x00000000c0000000,0x00000000d03a1598,0x00000000eab00000)
 Metaspace       used 175717K, capacity 187781K, committed 190016K, reserved 1210368K
  class space    used 27627K, capacity 28459K, committed 28736K, reserved 1048576K
Event: 970.627 GC heap after
Heap after GC invocations=36 (full 10):
 PSYoungGen      total 249344K, used 0K [0x00000000eab00000, 0x00000000ff500000, 0x0000000100000000)
  eden space 163840K, 0% used [0x00000000eab00000,0x00000000eab00000,0x00000000f4b00000)
  from space 85504K, 0% used [0x00000000f9f80000,0x00000000f9f80000,0x00000000ff300000)
  to   space 86528K, 0% used [0x00000000f4b00000,0x00000000f4b00000,0x00000000f9f80000)
 ParOldGen       total 699392K, used 261829K [0x00000000c0000000, 0x00000000eab00000, 0x00000000eab00000)
  object space 699392K, 37% used [0x00000000c0000000,0x00000000cffb16f8,0x00000000eab00000)
 Metaspace       used 175717K, capacity 187781K, committed 190016K, reserved 1210368K
  class space    used 27627K, capacity 28459K, committed 28736K, reserved 1048576K
}
Event: 971.646 GC heap before
{Heap before GC invocations=37 (full 10):
 PSYoungGen      total 249344K, used 163840K [0x00000000eab00000, 0x00000000ff500000, 0x0000000100000000)
  eden space 163840K, 100% used [0x00000000eab00000,0x00000000f4b00000,0x00000000f4b00000)
  from space 85504K, 0% used [0x00000000f9f80000,0x00000000f9f80000,0x00000000ff300000)
  to   space 86528K, 0% used [0x00000000f4b00000,0x00000000f4b00000,0x00000000f9f80000)
 ParOldGen       total 699392K, used 261829K [0x00000000c0000000, 0x00000000eab00000, 0x00000000eab00000)
  object space 699392K, 37% used [0x00000000c0000000,0x00000000cffb16f8,0x00000000eab00000)
 Metaspace       used 177629K, capacity 189735K, committed 190144K, reserved 1210368K
  class space    used 27903K, capacity 28789K, committed 28864K, reserved 1048576K
Event: 971.653 GC heap after
Heap after GC invocations=37 (full 10):
 PSYoungGen      total 250368K, used 2696K [0x00000000eab00000, 0x0000000100000000, 0x0000000100000000)
  eden space 163840K, 0% used [0x00000000eab00000,0x00000000eab00000,0x00000000f4b00000)
  from space 86528K, 3% used [0x00000000f4b00000,0x00000000f4da20f8,0x00000000f9f80000)
  to   space 86016K, 0% used [0x00000000fac00000,0x00000000fac00000,0x0000000100000000)
 ParOldGen       total 699392K, used 261837K [0x00000000c0000000, 0x00000000eab00000, 0x00000000eab00000)
  object space 699392K, 37% used [0x00000000c0000000,0x00000000cffb36f8,0x00000000eab00000)
 Metaspace       used 177629K, capacity 189735K, committed 190144K, reserved 1210368K
  class space    used 27903K, capacity 28789K, committed 28864K, reserved 1048576K
}
Event: 1939.580 GC heap before
{Heap before GC invocations=38 (full 10):
 PSYoungGen      total 250368K, used 166536K [0x00000000eab00000, 0x0000000100000000, 0x0000000100000000)
  eden space 163840K, 100% used [0x00000000eab00000,0x00000000f4b00000,0x00000000f4b00000)
  from space 86528K, 3% used [0x00000000f4b00000,0x00000000f4da20f8,0x00000000f9f80000)
  to   space 86016K, 0% used [0x00000000fac00000,0x00000000fac00000,0x0000000100000000)
 ParOldGen       total 699392K, used 261837K [0x00000000c0000000, 0x00000000eab00000, 0x00000000eab00000)
  object space 699392K, 37% used [0x00000000c0000000,0x00000000cffb36f8,0x00000000eab00000)
 Metaspace       used 178884K, capacity 191243K, committed 191552K, reserved 1212416K
  class space    used 28034K, capacity 28937K, committed 28992K, reserved 1048576K
Event: 1939.594 GC heap after
Heap after GC invocations=38 (full 10):
 PSYoungGen      total 258048K, used 8103K [0x00000000eab00000, 0x00000000ffb80000, 0x0000000100000000)
  eden space 176640K, 0% used [0x00000000eab00000,0x00000000eab00000,0x00000000f5780000)
  from space 81408K, 9% used [0x00000000fac00000,0x00000000fb3e9e60,0x00000000ffb80000)
  to   space 83968K, 0% used [0x00000000f5780000,0x00000000f5780000,0x00000000fa980000)
 ParOldGen       total 699392K, used 261845K [0x00000000c0000000, 0x00000000eab00000, 0x00000000eab00000)
  object space 699392K, 37% used [0x00000000c0000000,0x00000000cffb56f8,0x00000000eab00000)
 Metaspace       used 178884K, capacity 191243K, committed 191552K, reserved 1212416K
  class space    used 28034K, capacity 28937K, committed 28992K, reserved 1048576K
}

